{
  "RSpec": {
    "coverage": {
      "/Users/carlosalbertosalgadohazbun/Desktop/orden/app/models/task.rb": [
        1,
        null,
        null,
        null,
        1,
        null,
        null,
        null,
        1,
        null,
        null,
        null,
        1,
        1,
        1,
        1,
        1,
        1,
        null,
        null,
        null,
        null,
        null,
        1,
        15,
        null,
        null,
        null,
        null,
        1,
        5,
        2,
        3,
        1,
        2,
        1,
        null,
        null,
        null,
        null,
        null,
        1,
        22,
        22,
        22,
        48,
        4,
        4,
        null,
        null,
        22,
        22,
        null,
        null,
        1,
        23,
        23,
        23,
        6,
        3,
        null,
        3,
        null,
        null,
        23,
        null,
        null,
        1,
        7,
        7,
        7,
        7,
        7,
        null,
        null,
        1,
        3,
        3,
        null,
        null,
        null,
        null,
        null
      ]
    },
    "timestamp": 1423494000
  }
}
